#
# A fatal error has been detected by the Java Runtime Environment:
#
#  EXCEPTION_ACCESS_VIOLATION (0xc0000005) at pc=0x000000007110b5db, pid=9420, tid=2612
#
# JRE version: Java(TM) SE Runtime Environment (12.0.1+12) (build 12.0.1+12)
# Java VM: Java HotSpot(TM) 64-Bit Server VM (12.0.1+12, mixed mode, sharing, tiered, compressed oops, g1 gc, windows-amd64)
# Problematic frame:
# C  [jSSC-2.8_x86_64.dll+0xb5db]
#
# No core dump will be written. Minidumps are not enabled by default on client versions of Windows
#
# If you would like to submit a bug report, please visit:
#   http://bugreport.java.com/bugreport/crash.jsp
# The crash happened outside the Java Virtual Machine in native code.
# See problematic frame for where to report the bug.
#

---------------  S U M M A R Y ------------

Command Line: fr.insalyon.p2i2.javaarduino.TestArduino

Host: Intel(R) Core(TM) i5-8300H CPU @ 2.30GHz, 8 cores, 7G,  Windows 10 , 64 bit Build 17763 (10.0.17763.475)
Time: Sun May 26 22:11:22 2019 Paris, Madrid (heure d?été) elapsed time: 1 seconds (0d 0h 0m 1s)

---------------  T H R E A D  ---------------

Current thread (0x000001b98491e800):  JavaThread "main" [_thread_in_native, id=2612, stack(0x00000051a9e00000,0x00000051a9f00000)]

Stack: [0x00000051a9e00000,0x00000051a9f00000],  sp=0x00000051a9efef90,  free space=1019k
Native frames: (J=compiled Java code, j=interpreted, Vv=VM code, C=native code)
C  [jSSC-2.8_x86_64.dll+0xb5db]

Java frames: (J=compiled Java code, j=interpreted, Vv=VM code)
j  jssc.SerialNativeInterface.openPort(Ljava/lang/String;Z)J+0
j  jssc.SerialPort.openPort()Z+65
j  fr.insalyon.p2i2.javaarduino.usb.ArduinoUsbChannel.open()V+4
j  fr.insalyon.p2i2.javaarduino.usb.ArduinoManager.start()V+62
j  fr.insalyon.p2i2.javaarduino.TestArduino.main([Ljava/lang/String;)V+166
v  ~StubRoutines::call_stub

siginfo: EXCEPTION_ACCESS_VIOLATION (0xc0000005), reading address 0xffffffff84811ff9


Register to memory mapping:

RIP=0x000000007110b5db jSSC-2.8_x86_64.dll
RAX=0xffffffff84811ff9 is an unknown value
RBX=0x00000051a9eff000 is pointing into the stack for thread: 0x000001b98491e800
RCX=0x00007ff9b68df944 ntdll.dll
RDX=0x0 is NULL
RSP=0x00000051a9efef90 is pointing into the stack for thread: 0x000001b98491e800
RBP=0x00000051a9eff110 is pointing into the stack for thread: 0x000001b98491e800
RSI=0x000001b98491eb30 points into unknown readable memory: e0 1d 24 65 f9 7f 00 00
RDI=0x0000000000000568 is an unknown value
R8 =0x00000051a9efee88 is pointing into the stack for thread: 0x000001b98491e800
R9 =0x00000051a9efef80 is pointing into the stack for thread: 0x000001b98491e800
R10=0x0 is NULL
R11=0x0000000000000246 is an unknown value
R12=0x00000051a9eff1c8 is pointing into the stack for thread: 0x000001b98491e800
R13=0x000001b9a65908e0 points into unknown readable memory: 43 4f 4d 37 00 4a ad 72
R14=0x00000051a9eff0c0 is pointing into the stack for thread: 0x000001b98491e800
R15=0x000001b98491e800 is a thread


Registers:
RAX=0xffffffff84811ff9, RBX=0x00000051a9eff000, RCX=0x00007ff9b68df944, RDX=0x0000000000000000
RSP=0x00000051a9efef90, RBP=0x00000051a9eff110, RSI=0x000001b98491eb30, RDI=0x0000000000000568
R8 =0x00000051a9efee88, R9 =0x00000051a9efef80, R10=0x0000000000000000, R11=0x0000000000000246
R12=0x00000051a9eff1c8, R13=0x000001b9a65908e0, R14=0x00000051a9eff0c0, R15=0x000001b98491e800
RIP=0x000000007110b5db, EFLAGS=0x0000000000010202

Top of Stack: (sp=0x00000051a9efef90)
0x00000051a9efef90:   00000051a9efefb8 0000005100000000
0x00000051a9efefa0:   000000007110b230 00007ff9b685267d
0x00000051a9efefb0:   00000051a9eff1c8 0000000000000004
0x00000051a9efefc0:   000001b98491eb30 0000000000000568
0x00000051a9efefd0:   00000051a9eff110 0000000071112590
0x00000051a9efefe0:   00000051a9eff040 0000005100000000
0x00000051a9efeff0:   00000000c0000000 0000000000000000
0x00000051a9eff000:   0000000000000568 00007ff9b292e22c
0x00000051a9eff010:   00000051a9eff0c0 000001b9a65908e0
0x00000051a9eff020:   00000051a9eff1c8 0000000000000568
0x00000051a9eff030:   0000000071113500 0000000071113be8
0x00000051a9eff040:   00000051a9eff070 0000000071112641
0x00000051a9eff050:   00000051a9efefe0 0000000000000000
0x00000051a9eff060:   0000000000000000 0000000000000000
0x00000051a9eff070:   00000051a9eff110 0000000071101595
0x00000051a9eff080:   000000000000001c 000001b900000000 

Instructions: (pc=0x000000007110b5db)
0x000000007110b5bb:   c5 0f 1f 40 00 55 57 56 53 48 83 ec 28 48 8b 05
0x000000007110b5cb:   39 33 01 00 48 89 cb 48 85 c0 0f 84 c5 00 00 00
0x000000007110b5db:   8b 38 85 ff 0f 88 ab 00 00 00 48 8b 05 1c 33 01
0x000000007110b5eb:   00 48 85 c0 0f 84 bc 00 00 00 8b 30 85 f6 74 57 


Stack slot to memory mapping:
stack at sp + 0 slots: 0x00000051a9efefb8 is pointing into the stack for thread: 0x000001b98491e800
stack at sp + 1 slots: 0x0000005100000000 is an unknown value
stack at sp + 2 slots: 0x000000007110b230 jSSC-2.8_x86_64.dll
stack at sp + 3 slots: 0x00007ff9b685267d ntdll.dll
stack at sp + 4 slots: 0x00000051a9eff1c8 is pointing into the stack for thread: 0x000001b98491e800
stack at sp + 5 slots: 0x0000000000000004 is an unknown value
stack at sp + 6 slots: 0x000001b98491eb30 points into unknown readable memory: e0 1d 24 65 f9 7f 00 00
stack at sp + 7 slots: 0x0000000000000568 is an unknown value


---------------  P R O C E S S  ---------------

Threads class SMR info:
_java_thread_list=0x000001b9a6857da0, length=14, elements={
0x000001b98491e800, 0x000001b9a5552800, 0x000001b9a5553800, 0x000001b9a5569800,
0x000001b9a556c800, 0x000001b9a556d800, 0x000001b9a5570000, 0x000001b9a5ea8800,
0x000001b9a5fdf000, 0x000001b9a5fec800, 0x000001b9a6037000, 0x000001b9a662f000,
0x000001b9a68f1000, 0x000001b9a64c9800
}

Java Threads: ( => current thread )
=>0x000001b98491e800 JavaThread "main" [_thread_in_native, id=2612, stack(0x00000051a9e00000,0x00000051a9f00000)]
  0x000001b9a5552800 JavaThread "Reference Handler" daemon [_thread_blocked, id=13516, stack(0x00000051aa500000,0x00000051aa600000)]
  0x000001b9a5553800 JavaThread "Finalizer" daemon [_thread_blocked, id=9828, stack(0x00000051aa600000,0x00000051aa700000)]
  0x000001b9a5569800 JavaThread "Signal Dispatcher" daemon [_thread_blocked, id=10376, stack(0x00000051aa700000,0x00000051aa800000)]
  0x000001b9a556c800 JavaThread "Attach Listener" daemon [_thread_blocked, id=6796, stack(0x00000051aa800000,0x00000051aa900000)]
  0x000001b9a556d800 JavaThread "C2 CompilerThread0" daemon [_thread_blocked, id=9084, stack(0x00000051aa900000,0x00000051aaa00000)]
  0x000001b9a5570000 JavaThread "C1 CompilerThread0" daemon [_thread_blocked, id=1400, stack(0x00000051aaa00000,0x00000051aab00000)]
  0x000001b9a5ea8800 JavaThread "Sweeper thread" daemon [_thread_blocked, id=4404, stack(0x00000051aab00000,0x00000051aac00000)]
  0x000001b9a5fdf000 JavaThread "Service Thread" daemon [_thread_blocked, id=1492, stack(0x00000051aac00000,0x00000051aad00000)]
  0x000001b9a5fec800 JavaThread "Common-Cleaner" daemon [_thread_blocked, id=15984, stack(0x00000051aae00000,0x00000051aaf00000)]
  0x000001b9a6037000 JavaThread "Abandoned connection cleanup thread" daemon [_thread_blocked, id=15932, stack(0x00000051aaf00000,0x00000051ab000000)]
  0x000001b9a662f000 JavaThread "C2 CompilerThread1" daemon [_thread_blocked, id=8164, stack(0x00000051ab000000,0x00000051ab100000)]
  0x000001b9a68f1000 JavaThread "C2 CompilerThread2" daemon [_thread_blocked, id=8320, stack(0x00000051ab100000,0x00000051ab200000)]
  0x000001b9a64c9800 JavaThread "Thread-0" [_thread_blocked, id=9132, stack(0x00000051ab200000,0x00000051ab300000)]

Other Threads:
  0x000001b9a5550000 VMThread "VM Thread" [stack: 0x00000051aa400000,0x00000051aa500000] [id=5232]
  0x000001b9a5fec000 WatcherThread [stack: 0x00000051aad00000,0x00000051aae00000] [id=16268]
  0x000001b986929800 GCTaskThread "GC Thread#0" [stack: 0x00000051a9f00000,0x00000051aa000000] [id=5472]
  0x000001b986937000 ConcurrentGCThread "G1 Main Marker" [stack: 0x00000051aa000000,0x00000051aa100000] [id=5340]
  0x000001b98693a800 ConcurrentGCThread "G1 Conc#0" [stack: 0x00000051aa100000,0x00000051aa200000] [id=1996]
  0x000001b9a53cb800 ConcurrentGCThread "G1 Refine#0" [stack: 0x00000051aa200000,0x00000051aa300000] [id=10292]
  0x000001b9a53d0800 ConcurrentGCThread "G1 Young RemSet Sampling" [stack: 0x00000051aa300000,0x00000051aa400000] [id=15144]

Threads with active compile tasks:

VM state:not at safepoint (normal execution)

VM Mutex/Monitor currently owned by a thread: None

Heap address: 0x0000000082200000, size: 2014 MB, Compressed Oops mode: 32-bit
Narrow klass base: 0x0000000800000000, Narrow klass shift: 3
Compressed class space size: 1073741824 Address: 0x00000008011a0000

Heap:
 garbage-first heap   total 129024K, used 13312K [0x0000000082200000, 0x0000000100000000)
  region size 1024K, 15 young (15360K), 0 survivors (0K)
 Metaspace       used 8779K, capacity 8965K, committed 9216K, reserved 1056768K
  class space    used 927K, capacity 989K, committed 1024K, reserved 1048576K
Heap Regions: E=young(eden), S=young(survivor), O=old, HS=humongous(starts), HC=humongous(continues), CS=collection set, F=free, A=archive, TAMS=top-at-mark-start (previous, next)
|   0|0x0000000082200000, 0x0000000082200000, 0x0000000082300000|  0%| F|  |TAMS 0x0000000082200000, 0x0000000082200000| Untracked 
|   1|0x0000000082300000, 0x0000000082300000, 0x0000000082400000|  0%| F|  |TAMS 0x0000000082300000, 0x0000000082300000| Untracked 
|   2|0x0000000082400000, 0x0000000082400000, 0x0000000082500000|  0%| F|  |TAMS 0x0000000082400000, 0x0000000082400000| Untracked 
|   3|0x0000000082500000, 0x0000000082500000, 0x0000000082600000|  0%| F|  |TAMS 0x0000000082500000, 0x0000000082500000| Untracked 
|   4|0x0000000082600000, 0x0000000082600000, 0x0000000082700000|  0%| F|  |TAMS 0x0000000082600000, 0x0000000082600000| Untracked 
|   5|0x0000000082700000, 0x0000000082700000, 0x0000000082800000|  0%| F|  |TAMS 0x0000000082700000, 0x0000000082700000| Untracked 
|   6|0x0000000082800000, 0x0000000082800000, 0x0000000082900000|  0%| F|  |TAMS 0x0000000082800000, 0x0000000082800000| Untracked 
|   7|0x0000000082900000, 0x0000000082900000, 0x0000000082a00000|  0%| F|  |TAMS 0x0000000082900000, 0x0000000082900000| Untracked 
|   8|0x0000000082a00000, 0x0000000082a00000, 0x0000000082b00000|  0%| F|  |TAMS 0x0000000082a00000, 0x0000000082a00000| Untracked 
|   9|0x0000000082b00000, 0x0000000082b00000, 0x0000000082c00000|  0%| F|  |TAMS 0x0000000082b00000, 0x0000000082b00000| Untracked 
|  10|0x0000000082c00000, 0x0000000082c00000, 0x0000000082d00000|  0%| F|  |TAMS 0x0000000082c00000, 0x0000000082c00000| Untracked 
|  11|0x0000000082d00000, 0x0000000082d00000, 0x0000000082e00000|  0%| F|  |TAMS 0x0000000082d00000, 0x0000000082d00000| Untracked 
|  12|0x0000000082e00000, 0x0000000082e00000, 0x0000000082f00000|  0%| F|  |TAMS 0x0000000082e00000, 0x0000000082e00000| Untracked 
|  13|0x0000000082f00000, 0x0000000082f00000, 0x0000000083000000|  0%| F|  |TAMS 0x0000000082f00000, 0x0000000082f00000| Untracked 
|  14|0x0000000083000000, 0x0000000083000000, 0x0000000083100000|  0%| F|  |TAMS 0x0000000083000000, 0x0000000083000000| Untracked 
|  15|0x0000000083100000, 0x0000000083100000, 0x0000000083200000|  0%| F|  |TAMS 0x0000000083100000, 0x0000000083100000| Untracked 
|  16|0x0000000083200000, 0x0000000083200000, 0x0000000083300000|  0%| F|  |TAMS 0x0000000083200000, 0x0000000083200000| Untracked 
|  17|0x0000000083300000, 0x0000000083300000, 0x0000000083400000|  0%| F|  |TAMS 0x0000000083300000, 0x0000000083300000| Untracked 
|  18|0x0000000083400000, 0x0000000083400000, 0x0000000083500000|  0%| F|  |TAMS 0x0000000083400000, 0x0000000083400000| Untracked 
|  19|0x0000000083500000, 0x0000000083500000, 0x0000000083600000|  0%| F|  |TAMS 0x0000000083500000, 0x0000000083500000| Untracked 
|  20|0x0000000083600000, 0x0000000083600000, 0x0000000083700000|  0%| F|  |TAMS 0x0000000083600000, 0x0000000083600000| Untracked 
|  21|0x0000000083700000, 0x0000000083700000, 0x0000000083800000|  0%| F|  |TAMS 0x0000000083700000, 0x0000000083700000| Untracked 
|  22|0x0000000083800000, 0x0000000083800000, 0x0000000083900000|  0%| F|  |TAMS 0x0000000083800000, 0x0000000083800000| Untracked 
|  23|0x0000000083900000, 0x0000000083900000, 0x0000000083a00000|  0%| F|  |TAMS 0x0000000083900000, 0x0000000083900000| Untracked 
|  24|0x0000000083a00000, 0x0000000083a00000, 0x0000000083b00000|  0%| F|  |TAMS 0x0000000083a00000, 0x0000000083a00000| Untracked 
|  25|0x0000000083b00000, 0x0000000083b00000, 0x0000000083c00000|  0%| F|  |TAMS 0x0000000083b00000, 0x0000000083b00000| Untracked 
|  26|0x0000000083c00000, 0x0000000083c00000, 0x0000000083d00000|  0%| F|  |TAMS 0x0000000083c00000, 0x0000000083c00000| Untracked 
|  27|0x0000000083d00000, 0x0000000083d00000, 0x0000000083e00000|  0%| F|  |TAMS 0x0000000083d00000, 0x0000000083d00000| Untracked 
|  28|0x0000000083e00000, 0x0000000083e00000, 0x0000000083f00000|  0%| F|  |TAMS 0x0000000083e00000, 0x0000000083e00000| Untracked 
|  29|0x0000000083f00000, 0x0000000083f00000, 0x0000000084000000|  0%| F|  |TAMS 0x0000000083f00000, 0x0000000083f00000| Untracked 
|  30|0x0000000084000000, 0x0000000084000000, 0x0000000084100000|  0%| F|  |TAMS 0x0000000084000000, 0x0000000084000000| Untracked 
|  31|0x0000000084100000, 0x0000000084100000, 0x0000000084200000|  0%| F|  |TAMS 0x0000000084100000, 0x0000000084100000| Untracked 
|  32|0x0000000084200000, 0x0000000084200000, 0x0000000084300000|  0%| F|  |TAMS 0x0000000084200000, 0x0000000084200000| Untracked 
|  33|0x0000000084300000, 0x0000000084300000, 0x0000000084400000|  0%| F|  |TAMS 0x0000000084300000, 0x0000000084300000| Untracked 
|  34|0x0000000084400000, 0x0000000084400000, 0x0000000084500000|  0%| F|  |TAMS 0x0000000084400000, 0x0000000084400000| Untracked 
|  35|0x0000000084500000, 0x0000000084500000, 0x0000000084600000|  0%| F|  |TAMS 0x0000000084500000, 0x0000000084500000| Untracked 
|  36|0x0000000084600000, 0x0000000084600000, 0x0000000084700000|  0%| F|  |TAMS 0x0000000084600000, 0x0000000084600000| Untracked 
|  37|0x0000000084700000, 0x0000000084700000, 0x0000000084800000|  0%| F|  |TAMS 0x0000000084700000, 0x0000000084700000| Untracked 
|  38|0x0000000084800000, 0x0000000084800000, 0x0000000084900000|  0%| F|  |TAMS 0x0000000084800000, 0x0000000084800000| Untracked 
|  39|0x0000000084900000, 0x0000000084900000, 0x0000000084a00000|  0%| F|  |TAMS 0x0000000084900000, 0x0000000084900000| Untracked 
|  40|0x0000000084a00000, 0x0000000084a00000, 0x0000000084b00000|  0%| F|  |TAMS 0x0000000084a00000, 0x0000000084a00000| Untracked 
|  41|0x0000000084b00000, 0x0000000084b00000, 0x0000000084c00000|  0%| F|  |TAMS 0x0000000084b00000, 0x0000000084b00000| Untracked 
|  42|0x0000000084c00000, 0x0000000084c00000, 0x0000000084d00000|  0%| F|  |TAMS 0x0000000084c00000, 0x0000000084c00000| Untracked 
|  43|0x0000000084d00000, 0x0000000084d00000, 0x0000000084e00000|  0%| F|  |TAMS 0x0000000084d00000, 0x0000000084d00000| Untracked 
|  44|0x0000000084e00000, 0x0000000084e00000, 0x0000000084f00000|  0%| F|  |TAMS 0x0000000084e00000, 0x0000000084e00000| Untracked 
|  45|0x0000000084f00000, 0x0000000084f00000, 0x0000000085000000|  0%| F|  |TAMS 0x0000000084f00000, 0x0000000084f00000| Untracked 
|  46|0x0000000085000000, 0x0000000085000000, 0x0000000085100000|  0%| F|  |TAMS 0x0000000085000000, 0x0000000085000000| Untracked 
|  47|0x0000000085100000, 0x0000000085100000, 0x0000000085200000|  0%| F|  |TAMS 0x0000000085100000, 0x0000000085100000| Untracked 
|  48|0x0000000085200000, 0x0000000085200000, 0x0000000085300000|  0%| F|  |TAMS 0x0000000085200000, 0x0000000085200000| Untracked 
|  49|0x0000000085300000, 0x0000000085300000, 0x0000000085400000|  0%| F|  |TAMS 0x0000000085300000, 0x0000000085300000| Untracked 
|  50|0x0000000085400000, 0x0000000085400000, 0x0000000085500000|  0%| F|  |TAMS 0x0000000085400000, 0x0000000085400000| Untracked 
|  51|0x0000000085500000, 0x0000000085500000, 0x0000000085600000|  0%| F|  |TAMS 0x0000000085500000, 0x0000000085500000| Untracked 
|  52|0x0000000085600000, 0x0000000085600000, 0x0000000085700000|  0%| F|  |TAMS 0x0000000085600000, 0x0000000085600000| Untracked 
|  53|0x0000000085700000, 0x0000000085700000, 0x0000000085800000|  0%| F|  |TAMS 0x0000000085700000, 0x0000000085700000| Untracked 
|  54|0x0000000085800000, 0x0000000085800000, 0x0000000085900000|  0%| F|  |TAMS 0x0000000085800000, 0x0000000085800000| Untracked 
|  55|0x0000000085900000, 0x0000000085900000, 0x0000000085a00000|  0%| F|  |TAMS 0x0000000085900000, 0x0000000085900000| Untracked 
|  56|0x0000000085a00000, 0x0000000085a00000, 0x0000000085b00000|  0%| F|  |TAMS 0x0000000085a00000, 0x0000000085a00000| Untracked 
|  57|0x0000000085b00000, 0x0000000085b00000, 0x0000000085c00000|  0%| F|  |TAMS 0x0000000085b00000, 0x0000000085b00000| Untracked 
|  58|0x0000000085c00000, 0x0000000085c00000, 0x0000000085d00000|  0%| F|  |TAMS 0x0000000085c00000, 0x0000000085c00000| Untracked 
|  59|0x0000000085d00000, 0x0000000085d00000, 0x0000000085e00000|  0%| F|  |TAMS 0x0000000085d00000, 0x0000000085d00000| Untracked 
|  60|0x0000000085e00000, 0x0000000085e00000, 0x0000000085f00000|  0%| F|  |TAMS 0x0000000085e00000, 0x0000000085e00000| Untracked 
|  61|0x0000000085f00000, 0x0000000085f00000, 0x0000000086000000|  0%| F|  |TAMS 0x0000000085f00000, 0x0000000085f00000| Untracked 
|  62|0x0000000086000000, 0x0000000086000000, 0x0000000086100000|  0%| F|  |TAMS 0x0000000086000000, 0x0000000086000000| Untracked 
|  63|0x0000000086100000, 0x0000000086100000, 0x0000000086200000|  0%| F|  |TAMS 0x0000000086100000, 0x0000000086100000| Untracked 
|  64|0x0000000086200000, 0x0000000086200000, 0x0000000086300000|  0%| F|  |TAMS 0x0000000086200000, 0x0000000086200000| Untracked 
|  65|0x0000000086300000, 0x0000000086300000, 0x0000000086400000|  0%| F|  |TAMS 0x0000000086300000, 0x0000000086300000| Untracked 
|  66|0x0000000086400000, 0x0000000086400000, 0x0000000086500000|  0%| F|  |TAMS 0x0000000086400000, 0x0000000086400000| Untracked 
|  67|0x0000000086500000, 0x0000000086500000, 0x0000000086600000|  0%| F|  |TAMS 0x0000000086500000, 0x0000000086500000| Untracked 
|  68|0x0000000086600000, 0x0000000086600000, 0x0000000086700000|  0%| F|  |TAMS 0x0000000086600000, 0x0000000086600000| Untracked 
|  69|0x0000000086700000, 0x0000000086700000, 0x0000000086800000|  0%| F|  |TAMS 0x0000000086700000, 0x0000000086700000| Untracked 
|  70|0x0000000086800000, 0x0000000086800000, 0x0000000086900000|  0%| F|  |TAMS 0x0000000086800000, 0x0000000086800000| Untracked 
|  71|0x0000000086900000, 0x0000000086900000, 0x0000000086a00000|  0%| F|  |TAMS 0x0000000086900000, 0x0000000086900000| Untracked 
|  72|0x0000000086a00000, 0x0000000086a00000, 0x0000000086b00000|  0%| F|  |TAMS 0x0000000086a00000, 0x0000000086a00000| Untracked 
|  73|0x0000000086b00000, 0x0000000086b00000, 0x0000000086c00000|  0%| F|  |TAMS 0x0000000086b00000, 0x0000000086b00000| Untracked 
|  74|0x0000000086c00000, 0x0000000086c00000, 0x0000000086d00000|  0%| F|  |TAMS 0x0000000086c00000, 0x0000000086c00000| Untracked 
|  75|0x0000000086d00000, 0x0000000086d00000, 0x0000000086e00000|  0%| F|  |TAMS 0x0000000086d00000, 0x0000000086d00000| Untracked 
|  76|0x0000000086e00000, 0x0000000086e00000, 0x0000000086f00000|  0%| F|  |TAMS 0x0000000086e00000, 0x0000000086e00000| Untracked 
|  77|0x0000000086f00000, 0x0000000086f00000, 0x0000000087000000|  0%| F|  |TAMS 0x0000000086f00000, 0x0000000086f00000| Untracked 
|  78|0x0000000087000000, 0x0000000087000000, 0x0000000087100000|  0%| F|  |TAMS 0x0000000087000000, 0x0000000087000000| Untracked 
|  79|0x0000000087100000, 0x0000000087100000, 0x0000000087200000|  0%| F|  |TAMS 0x0000000087100000, 0x0000000087100000| Untracked 
|  80|0x0000000087200000, 0x0000000087200000, 0x0000000087300000|  0%| F|  |TAMS 0x0000000087200000, 0x0000000087200000| Untracked 
|  81|0x0000000087300000, 0x0000000087300000, 0x0000000087400000|  0%| F|  |TAMS 0x0000000087300000, 0x0000000087300000| Untracked 
|  82|0x0000000087400000, 0x0000000087400000, 0x0000000087500000|  0%| F|  |TAMS 0x0000000087400000, 0x0000000087400000| Untracked 
|  83|0x0000000087500000, 0x0000000087500000, 0x0000000087600000|  0%| F|  |TAMS 0x0000000087500000, 0x0000000087500000| Untracked 
|  84|0x0000000087600000, 0x0000000087600000, 0x0000000087700000|  0%| F|  |TAMS 0x0000000087600000, 0x0000000087600000| Untracked 
|  85|0x0000000087700000, 0x0000000087700000, 0x0000000087800000|  0%| F|  |TAMS 0x0000000087700000, 0x0000000087700000| Untracked 
|  86|0x0000000087800000, 0x0000000087800000, 0x0000000087900000|  0%| F|  |TAMS 0x0000000087800000, 0x0000000087800000| Untracked 
|  87|0x0000000087900000, 0x0000000087900000, 0x0000000087a00000|  0%| F|  |TAMS 0x0000000087900000, 0x0000000087900000| Untracked 
|  88|0x0000000087a00000, 0x0000000087a00000, 0x0000000087b00000|  0%| F|  |TAMS 0x0000000087a00000, 0x0000000087a00000| Untracked 
|  89|0x0000000087b00000, 0x0000000087b00000, 0x0000000087c00000|  0%| F|  |TAMS 0x0000000087b00000, 0x0000000087b00000| Untracked 
|  90|0x0000000087c00000, 0x0000000087c00000, 0x0000000087d00000|  0%| F|  |TAMS 0x0000000087c00000, 0x0000000087c00000| Untracked 
|  91|0x0000000087d00000, 0x0000000087d00000, 0x0000000087e00000|  0%| F|  |TAMS 0x0000000087d00000, 0x0000000087d00000| Untracked 
|  92|0x0000000087e00000, 0x0000000087e00000, 0x0000000087f00000|  0%| F|  |TAMS 0x0000000087e00000, 0x0000000087e00000| Untracked 
|  93|0x0000000087f00000, 0x0000000087f00000, 0x0000000088000000|  0%| F|  |TAMS 0x0000000087f00000, 0x0000000087f00000| Untracked 
|  94|0x0000000088000000, 0x0000000088000000, 0x0000000088100000|  0%| F|  |TAMS 0x0000000088000000, 0x0000000088000000| Untracked 
|  95|0x0000000088100000, 0x0000000088100000, 0x0000000088200000|  0%| F|  |TAMS 0x0000000088100000, 0x0000000088100000| Untracked 
|  96|0x0000000088200000, 0x0000000088200000, 0x0000000088300000|  0%| F|  |TAMS 0x0000000088200000, 0x0000000088200000| Untracked 
|  97|0x0000000088300000, 0x0000000088300000, 0x0000000088400000|  0%| F|  |TAMS 0x0000000088300000, 0x0000000088300000| Untracked 
|  98|0x0000000088400000, 0x0000000088400000, 0x0000000088500000|  0%| F|  |TAMS 0x0000000088400000, 0x0000000088400000| Untracked 
|  99|0x0000000088500000, 0x0000000088500000, 0x0000000088600000|  0%| F|  |TAMS 0x0000000088500000, 0x0000000088500000| Untracked 
| 100|0x0000000088600000, 0x0000000088600000, 0x0000000088700000|  0%| F|  |TAMS 0x0000000088600000, 0x0000000088600000| Untracked 
| 101|0x0000000088700000, 0x0000000088700000, 0x0000000088800000|  0%| F|  |TAMS 0x0000000088700000, 0x0000000088700000| Untracked 
| 102|0x0000000088800000, 0x0000000088800000, 0x0000000088900000|  0%| F|  |TAMS 0x0000000088800000, 0x0000000088800000| Untracked 
| 103|0x0000000088900000, 0x0000000088900000, 0x0000000088a00000|  0%| F|  |TAMS 0x0000000088900000, 0x0000000088900000| Untracked 
| 104|0x0000000088a00000, 0x0000000088a00000, 0x0000000088b00000|  0%| F|  |TAMS 0x0000000088a00000, 0x0000000088a00000| Untracked 
| 105|0x0000000088b00000, 0x0000000088b00000, 0x0000000088c00000|  0%| F|  |TAMS 0x0000000088b00000, 0x0000000088b00000| Untracked 
| 106|0x0000000088c00000, 0x0000000088c00000, 0x0000000088d00000|  0%| F|  |TAMS 0x0000000088c00000, 0x0000000088c00000| Untracked 
| 107|0x0000000088d00000, 0x0000000088d00000, 0x0000000088e00000|  0%| F|  |TAMS 0x0000000088d00000, 0x0000000088d00000| Untracked 
| 108|0x0000000088e00000, 0x0000000088e00000, 0x0000000088f00000|  0%| F|  |TAMS 0x0000000088e00000, 0x0000000088e00000| Untracked 
| 109|0x0000000088f00000, 0x0000000088f00000, 0x0000000089000000|  0%| F|  |TAMS 0x0000000088f00000, 0x0000000088f00000| Untracked 
| 110|0x0000000089000000, 0x0000000089000000, 0x0000000089100000|  0%| F|  |TAMS 0x0000000089000000, 0x0000000089000000| Untracked 
| 111|0x0000000089100000, 0x0000000089200000, 0x0000000089200000|100%| E|  |TAMS 0x0000000089100000, 0x0000000089100000| Complete 
| 112|0x0000000089200000, 0x0000000089300000, 0x0000000089300000|100%| E|CS|TAMS 0x0000000089200000, 0x0000000089200000| Complete 
| 113|0x0000000089300000, 0x0000000089400000, 0x0000000089400000|100%| E|CS|TAMS 0x0000000089300000, 0x0000000089300000| Complete 
| 114|0x0000000089400000, 0x0000000089500000, 0x0000000089500000|100%| E|CS|TAMS 0x0000000089400000, 0x0000000089400000| Complete 
| 115|0x0000000089500000, 0x0000000089600000, 0x0000000089600000|100%| E|CS|TAMS 0x0000000089500000, 0x0000000089500000| Complete 
| 116|0x0000000089600000, 0x0000000089700000, 0x0000000089700000|100%| E|CS|TAMS 0x0000000089600000, 0x0000000089600000| Complete 
| 117|0x0000000089700000, 0x0000000089800000, 0x0000000089800000|100%| E|CS|TAMS 0x0000000089700000, 0x0000000089700000| Complete 
| 118|0x0000000089800000, 0x0000000089900000, 0x0000000089900000|100%| E|CS|TAMS 0x0000000089800000, 0x0000000089800000| Complete 
| 119|0x0000000089900000, 0x0000000089a00000, 0x0000000089a00000|100%| E|  |TAMS 0x0000000089900000, 0x0000000089900000| Complete 
| 120|0x0000000089a00000, 0x0000000089b00000, 0x0000000089b00000|100%| E|CS|TAMS 0x0000000089a00000, 0x0000000089a00000| Complete 
| 121|0x0000000089b00000, 0x0000000089c00000, 0x0000000089c00000|100%| E|CS|TAMS 0x0000000089b00000, 0x0000000089b00000| Complete 
| 122|0x0000000089c00000, 0x0000000089d00000, 0x0000000089d00000|100%| E|CS|TAMS 0x0000000089c00000, 0x0000000089c00000| Complete 
| 123|0x0000000089d00000, 0x0000000089e00000, 0x0000000089e00000|100%| E|CS|TAMS 0x0000000089d00000, 0x0000000089d00000| Complete 
| 124|0x0000000089e00000, 0x0000000089f00000, 0x0000000089f00000|100%| E|CS|TAMS 0x0000000089e00000, 0x0000000089e00000| Complete 
| 125|0x0000000089f00000, 0x000000008a000000, 0x000000008a000000|100%| E|CS|TAMS 0x0000000089f00000, 0x0000000089f00000| Complete 

Card table byte_map: [0x000001b99e410000,0x000001b99e800000] _byte_map_base: 0x000001b99dfff000

Marking Bits (Prev, Next): (CMBitMap*) 0x000001b98692a888, (CMBitMap*) 0x000001b98692a8c8
 Prev Bits: [0x000001b99ebf0000, 0x000001b9a0b68000)
 Next Bits: [0x000001b9a0b70000, 0x000001b9a2ae8000)

Polling page: 0x000001b9847b0000

Metaspace:

Usage:
  Non-class:      7.79 MB capacity,     7.67 MB ( 98%) used,   111.84 KB (  1%) free+waste,    11.94 KB ( <1%) overhead. 
      Class:    989.00 KB capacity,   927.59 KB ( 94%) used,    55.28 KB (  6%) free+waste,     6.13 KB ( <1%) overhead. 
       Both:      8.75 MB capacity,     8.57 MB ( 98%) used,   167.13 KB (  2%) free+waste,    18.06 KB ( <1%) overhead. 

Virtual space:
  Non-class space:        8.00 MB reserved,       8.00 MB (100%) committed 
      Class space:        1.00 GB reserved,       1.00 MB ( <1%) committed 
             Both:        1.01 GB reserved,       9.00 MB ( <1%) committed 

Chunk freelists:
   Non-Class:  3.00 KB
       Class:  384 bytes
        Both:  3.38 KB

CodeHeap 'non-profiled nmethods': size=120000Kb used=348Kb max_used=348Kb free=119651Kb
 bounds [0x000001b9967c0000, 0x000001b996a30000, 0x000001b99dcf0000]
CodeHeap 'profiled nmethods': size=120000Kb used=1747Kb max_used=1747Kb free=118252Kb
 bounds [0x000001b98f290000, 0x000001b98f500000, 0x000001b9967c0000]
CodeHeap 'non-nmethods': size=5760Kb used=1161Kb max_used=1178Kb free=4598Kb
 bounds [0x000001b98ecf0000, 0x000001b98ef60000, 0x000001b98f290000]
 total_blobs=1688 nmethods=971 adapters=404
 compilation: enabled
              stopped_count=0, restarted_count=0
 full_count=0

Compilation events (10 events):
Event: 0.537 Thread 0x000001b9a5570000  965       3       java.util.WeakHashMap::indexFor (6 bytes)
Event: 0.537 Thread 0x000001b9a5570000 nmethod 965 0x000001b98f444510 code [0x000001b98f4446c0, 0x000001b98f4447f8]
Event: 0.537 Thread 0x000001b9a5570000  962       3       sun.net.www.protocol.file.Handler::parseURL (18 bytes)
Event: 0.537 Thread 0x000001b9a5570000 nmethod 962 0x000001b98f444890 code [0x000001b98f444a60, 0x000001b98f444c80]
Event: 0.537 Thread 0x000001b9a5570000  967       1       java.nio.HeapByteBuffer::isDirect (2 bytes)
Event: 0.537 Thread 0x000001b9a5570000 nmethod 967 0x000001b996815f10 code [0x000001b9968160c0, 0x000001b9968161f8]
Event: 0.537 Thread 0x000001b9a5570000  970       1       java.util.zip.ZipEntry::getSize (5 bytes)
Event: 0.537 Thread 0x000001b9a5570000 nmethod 970 0x000001b996816290 code [0x000001b996816440, 0x000001b996816578]
Event: 0.538 Thread 0x000001b9a68f1000 nmethod 971 0x000001b996816610 code [0x000001b9968167a0, 0x000001b9968168f8]
Event: 0.538 Thread 0x000001b9a556d800 nmethod 969 0x000001b996816990 code [0x000001b996816b40, 0x000001b996816f78]

GC Heap History (0 events):
No events

Deoptimization events (10 events):
Event: 0.210 Thread 0x000001b98491e800 Uncommon trap: reason=unstable_if action=reinterpret pc=0x000001b9967d831c method=java.lang.String.<init>([CIILjava/lang/Void;)V @ 5 c2
Event: 0.260 Thread 0x000001b98491e800 Uncommon trap: reason=class_check action=maybe_recompile pc=0x000001b9967f6848 method=java.util.HashMap.putVal(ILjava/lang/Object;Ljava/lang/Object;ZZ)Ljava/lang/Object; @ 253 c2
Event: 0.260 Thread 0x000001b98491e800 Uncommon trap: reason=class_check action=maybe_recompile pc=0x000001b9967f6848 method=java.util.HashMap.putVal(ILjava/lang/Object;Ljava/lang/Object;ZZ)Ljava/lang/Object; @ 253 c2
Event: 0.260 Thread 0x000001b98491e800 Uncommon trap: reason=class_check action=maybe_recompile pc=0x000001b9967f6848 method=java.util.HashMap.putVal(ILjava/lang/Object;Ljava/lang/Object;ZZ)Ljava/lang/Object; @ 253 c2
Event: 0.260 Thread 0x000001b98491e800 Uncommon trap: reason=class_check action=maybe_recompile pc=0x000001b9967f6848 method=java.util.HashMap.putVal(ILjava/lang/Object;Ljava/lang/Object;ZZ)Ljava/lang/Object; @ 253 c2
Event: 0.417 Thread 0x000001b98491e800 Uncommon trap: reason=unstable_if action=reinterpret pc=0x000001b9967f496c method=java.lang.CharacterDataLatin1.digit(II)I @ 12 c2
Event: 0.441 Thread 0x000001b98491e800 Uncommon trap: reason=class_check action=maybe_recompile pc=0x000001b996801cf4 method=java.util.HashMap.putVal(ILjava/lang/Object;Ljava/lang/Object;ZZ)Ljava/lang/Object; @ 91 c2
Event: 0.441 Thread 0x000001b98491e800 Uncommon trap: reason=class_check action=maybe_recompile pc=0x000001b996801cf4 method=java.util.HashMap.putVal(ILjava/lang/Object;Ljava/lang/Object;ZZ)Ljava/lang/Object; @ 91 c2
Event: 0.517 Thread 0x000001b98491e800 Uncommon trap: reason=unstable_if action=reinterpret pc=0x000001b99680ca68 method=java.lang.Integer.parseInt(Ljava/lang/String;I)I @ 197 c2
Event: 0.517 Thread 0x000001b98491e800 Uncommon trap: reason=unstable_if action=reinterpret pc=0x000001b9967d5aa0 method=java.lang.StringUTF16.compress([CI[BII)I @ 20 c2

Classes redefined (0 events):
No events

Internal exceptions (8 events):
Event: 0.253 Thread 0x000001b98491e800 Exception <a 'java/lang/NoSuchMethodError'{0x000000008968bb70}: java.lang.invoke.DirectMethodHandle$Holder.invokeStaticInit(Ljava/lang/Object;Ljava/lang/Object;Ljava/lang/Object;Ljava/lang/Object;)I> (0x000000008968bb70) thrown at [t:/workspace/open/src/h
Event: 0.254 Thread 0x000001b98491e800 Exception <a 'java/lang/IncompatibleClassChangeError'{0x00000000896949e8}: Found class java.lang.Object, but interface was expected> (0x00000000896949e8) thrown at [t:/workspace/open/src/hotspot/share/interpreter/linkResolver.cpp, line 843]
Event: 0.254 Thread 0x000001b98491e800 Exception <a 'java/lang/NoSuchMethodError'{0x0000000089697b08}: java.lang.invoke.DirectMethodHandle$Holder.invokeStaticInit(Ljava/lang/Object;Ljava/lang/Object;)V> (0x0000000089697b08) thrown at [t:/workspace/open/src/hotspot/share/interpreter/linkResolve
Event: 0.255 Thread 0x000001b98491e800 Exception <a 'java/lang/NoSuchMethodError'{0x000000008969e1d0}: java.lang.invoke.DirectMethodHandle$Holder.invokeStaticInit(Ljava/lang/Object;Ljava/lang/Object;)I> (0x000000008969e1d0) thrown at [t:/workspace/open/src/hotspot/share/interpreter/linkResolve
Event: 0.261 Thread 0x000001b98491e800 Exception <a 'java/lang/NoSuchMethodError'{0x00000000896cb008}: java.lang.invoke.DirectMethodHandle$Holder.invokeStaticInit(Ljava/lang/Object;IIII)Ljava/lang/Object;> (0x00000000896cb008) thrown at [t:/workspace/open/src/hotspot/share/interpreter/linkReso
Event: 0.262 Thread 0x000001b98491e800 Exception <a 'sun/nio/fs/WindowsException'{0x00000000896d10f8}> (0x00000000896d10f8) thrown at [t:/workspace/open/src/hotspot/share/prims/jni.cpp, line 615]
Event: 0.263 Thread 0x000001b98491e800 Exception <a 'java/lang/NoSuchMethodError'{0x00000000896d83b8}: java.lang.invoke.DirectMethodHandle$Holder.invokeSpecialIFC(Ljava/lang/Object;Ljava/lang/Object;I)I> (0x00000000896d83b8) thrown at [t:/workspace/open/src/hotspot/share/interpreter/linkResolv
Event: 0.407 Thread 0x000001b98491e800 Exception <a 'java/lang/NoSuchMethodError'{0x00000000894df4a8}: java.lang.invoke.DirectMethodHandle$Holder.invokeStaticInit(Ljava/lang/Object;Ljava/lang/Object;IIII)Ljava/lang/Object;> (0x00000000894df4a8) thrown at [t:/workspace/open/src/hotspot/share/in

Events (10 events):
Event: 0.535 loading class jssc/SerialPort done
Event: 0.536 loading class jssc/SerialPortTimeoutException
Event: 0.536 loading class jssc/SerialPortTimeoutException done
Event: 0.536 loading class jssc/SerialPort$EventThread
Event: 0.536 loading class jssc/SerialPort$EventThread done
Event: 0.536 loading class jssc/SerialPort$LinuxEventThread
Event: 0.536 loading class jssc/SerialPort$LinuxEventThread done
Event: 0.537 loading class fr/insalyon/p2i2/javaarduino/usb/ArduinoManager$1
Event: 0.537 loading class fr/insalyon/p2i2/javaarduino/usb/ArduinoManager$1 done
Event: 0.537 Thread 0x000001b9a64c9800 Thread added: 0x000001b9a64c9800


Dynamic libraries:
0x00007ff61fec0000 - 0x00007ff61fecf000 	C:\Program Files\Java\jdk-12.0.1\bin\java.exe
0x00007ff9b6840000 - 0x00007ff9b6a2d000 	C:\Windows\SYSTEM32\ntdll.dll
0x00007ff9b5470000 - 0x00007ff9b5523000 	C:\Windows\System32\KERNEL32.DLL
0x00007ff9b2910000 - 0x00007ff9b2ba3000 	C:\Windows\System32\KERNELBASE.dll
0x00007ff9b3060000 - 0x00007ff9b315a000 	C:\Windows\System32\ucrtbase.dll
0x00007ff9a2580000 - 0x00007ff9a2598000 	C:\Program Files\Java\jdk-12.0.1\bin\jli.dll
0x00007ff998040000 - 0x00007ff998056000 	C:\Program Files\Java\jdk-12.0.1\bin\VCRUNTIME140.dll
0x00007ff9b6760000 - 0x00007ff9b6803000 	C:\Windows\System32\ADVAPI32.dll
0x00007ff9b5b20000 - 0x00007ff9b5bbe000 	C:\Windows\System32\msvcrt.dll
0x00007ff9b5de0000 - 0x00007ff9b5e7e000 	C:\Windows\System32\sechost.dll
0x00007ff9b5570000 - 0x00007ff9b5692000 	C:\Windows\System32\RPCRT4.dll
0x00007ff9b65c0000 - 0x00007ff9b6757000 	C:\Windows\System32\USER32.dll
0x00007ff9b38b0000 - 0x00007ff9b38d0000 	C:\Windows\System32\win32u.dll
0x00007ff9a3a40000 - 0x00007ff9a3cb9000 	C:\Windows\WinSxS\amd64_microsoft.windows.common-controls_6595b64144ccf1df_6.0.17763.503_none_05b23ef40721f4ae\COMCTL32.dll
0x00007ff9b5110000 - 0x00007ff9b5139000 	C:\Windows\System32\GDI32.dll
0x00007ff9b5140000 - 0x00007ff9b546c000 	C:\Windows\System32\combase.dll
0x00007ff9b38d0000 - 0x00007ff9b3a6a000 	C:\Windows\System32\gdi32full.dll
0x00007ff9b2d30000 - 0x00007ff9b2dd0000 	C:\Windows\System32\msvcp_win.dll
0x00007ff9b2cb0000 - 0x00007ff9b2d2e000 	C:\Windows\System32\bcryptPrimitives.dll
0x00007ff9acfd0000 - 0x00007ff9acfda000 	C:\Windows\SYSTEM32\VERSION.dll
0x00007ff9b5540000 - 0x00007ff9b556e000 	C:\Windows\System32\IMM32.DLL
0x00007ff9838d0000 - 0x00007ff98397a000 	C:\Program Files\Java\jdk-12.0.1\bin\msvcp140.dll
0x00007ff964830000 - 0x00007ff9653a4000 	C:\Program Files\Java\jdk-12.0.1\bin\server\jvm.dll
0x00007ff9b5530000 - 0x00007ff9b5538000 	C:\Windows\System32\PSAPI.DLL
0x00007ff9acf50000 - 0x00007ff9acf74000 	C:\Windows\SYSTEM32\WINMM.dll
0x00007ff99a3d0000 - 0x00007ff99a3d9000 	C:\Windows\SYSTEM32\WSOCK32.dll
0x00007ff9b5d70000 - 0x00007ff9b5ddd000 	C:\Windows\System32\WS2_32.dll
0x00007ff9aceb0000 - 0x00007ff9acedd000 	C:\Windows\SYSTEM32\winmmbase.dll
0x00007ff9b2bb0000 - 0x00007ff9b2bfa000 	C:\Windows\System32\cfgmgr32.dll
0x00007ff9b2840000 - 0x00007ff9b2851000 	C:\Windows\System32\kernel.appcore.dll
0x00007ff98e120000 - 0x00007ff98e131000 	C:\Program Files\Java\jdk-12.0.1\bin\verify.dll
0x00007ff9b1240000 - 0x00007ff9b142d000 	C:\Windows\SYSTEM32\DBGHELP.DLL
0x00007ff99c970000 - 0x00007ff99c99a000 	C:\Windows\SYSTEM32\dbgcore.DLL
0x00007ff983980000 - 0x00007ff9839a6000 	C:\Program Files\Java\jdk-12.0.1\bin\java.dll
0x00007ff9886b0000 - 0x00007ff9886c7000 	C:\Program Files\Java\jdk-12.0.1\bin\zip.dll
0x00007ff9a2460000 - 0x00007ff9a246a000 	C:\Program Files\Java\jdk-12.0.1\bin\jimage.dll
0x00007ff9b3af0000 - 0x00007ff9b4fe0000 	C:\Windows\System32\SHELL32.dll
0x00007ff9b6510000 - 0x00007ff9b65b8000 	C:\Windows\System32\shcore.dll
0x00007ff9b3160000 - 0x00007ff9b38aa000 	C:\Windows\System32\windows.storage.dll
0x00007ff9b2880000 - 0x00007ff9b28a4000 	C:\Windows\System32\profapi.dll
0x00007ff9b28b0000 - 0x00007ff9b290d000 	C:\Windows\System32\powrprof.dll
0x00007ff9b64b0000 - 0x00007ff9b6502000 	C:\Windows\System32\shlwapi.dll
0x00007ff9b2fe0000 - 0x00007ff9b2ff7000 	C:\Windows\System32\cryptsp.dll
0x00007ff98df80000 - 0x00007ff98df99000 	C:\Program Files\Java\jdk-12.0.1\bin\net.dll
0x00007ff9a30c0000 - 0x00007ff9a31b1000 	C:\Windows\SYSTEM32\WINHTTP.dll
0x00007ff9a1100000 - 0x00007ff9a12d6000 	C:\Windows\SYSTEM32\urlmon.dll
0x00007ff9a0e20000 - 0x00007ff9a10c8000 	C:\Windows\SYSTEM32\iertutil.dll
0x00007ff9b2290000 - 0x00007ff9b229c000 	C:\Windows\SYSTEM32\CRYPTBASE.DLL
0x00007ff9b20c0000 - 0x00007ff9b2127000 	C:\Windows\system32\mswsock.dll
0x00007ff98dae0000 - 0x00007ff98daf3000 	C:\Program Files\Java\jdk-12.0.1\bin\nio.dll
0x00007ff9b1e60000 - 0x00007ff9b1f26000 	C:\Windows\SYSTEM32\DNSAPI.dll
0x00007ff9b60e0000 - 0x00007ff9b60e8000 	C:\Windows\System32\NSI.dll
0x00007ff9b1e20000 - 0x00007ff9b1e5d000 	C:\Windows\SYSTEM32\IPHLPAPI.DLL
0x00007ff9a10f0000 - 0x00007ff9a10fa000 	C:\Windows\System32\rasadhlp.dll
0x00007ff9a32c0000 - 0x00007ff9a3339000 	C:\Windows\System32\fwpuclnt.dll
0x00007ff9b2dd0000 - 0x00007ff9b2df6000 	C:\Windows\System32\bcrypt.dll
0x00007ff9a6000000 - 0x00007ff9a600e000 	C:\Program Files\Java\jdk-12.0.1\bin\sunmscapi.dll
0x00007ff9b2e00000 - 0x00007ff9b2fdb000 	C:\Windows\System32\CRYPT32.dll
0x00007ff9b2860000 - 0x00007ff9b2872000 	C:\Windows\System32\MSASN1.dll
0x00007ff9b2390000 - 0x00007ff9b23b6000 	C:\Windows\SYSTEM32\ncrypt.dll
0x00007ff9b2350000 - 0x00007ff9b238c000 	C:\Windows\SYSTEM32\NTASN1.dll
0x00007ff9a23e0000 - 0x00007ff9a2407000 	C:\Program Files\Java\jdk-12.0.1\bin\sunec.dll
0x00007ff9b1c80000 - 0x00007ff9b1cb3000 	C:\Windows\system32\rsaenh.dll
0x00007ff9b2770000 - 0x00007ff9b2798000 	C:\Windows\SYSTEM32\USERENV.dll
0x00007ff9a90a0000 - 0x00007ff9a90b6000 	C:\Windows\SYSTEM32\dhcpcsvc6.DLL
0x00007ff9a90e0000 - 0x00007ff9a90fc000 	C:\Windows\SYSTEM32\dhcpcsvc.DLL
0x0000000071100000 - 0x0000000071125000 	C:\Users\Antoine Rochebois\.jssc\windows\jSSC-2.8_x86_64.dll

dbghelp: loaded successfully - version: 4.0.5 - missing functions: none
symbol engine: initialized successfully - sym options: 0x614 - pdb path: .;C:\Program Files\Java\jdk-12.0.1\bin;C:\Windows\SYSTEM32;C:\Windows\WinSxS\amd64_microsoft.windows.common-controls_6595b64144ccf1df_6.0.17763.503_none_05b23ef40721f4ae;C:\Program Files\Java\jdk-12.0.1\bin\server;C:\Users\Antoine Rochebois\.jssc\windows

VM Arguments:
java_command: fr.insalyon.p2i2.javaarduino.TestArduino
java_class_path (initial): D:\User\Documents\NetBeansProjects\P2I_frigo2\target\classes;C:\Users\Antoine Rochebois\.m2\repository\mysql\mysql-connector-java\5.1.38\mysql-connector-java-5.1.38.jar;C:\Users\Antoine Rochebois\.m2\repository\org\scream3r\jssc\2.8.0\jssc-2.8.0.jar;C:\Users\Antoine Rochebois\.m2\repository\com\squareup\okhttp\okhttp\2.7.2\okhttp-2.7.2.jar;C:\Users\Antoine Rochebois\.m2\repository\com\squareup\okio\okio\2.2.2\okio-2.2.2.jar;C:\Users\Antoine Rochebois\.m2\repository\org\jetbrains\kotlin\kotlin-stdlib\1.2.60\kotlin-stdlib-1.2.60.jar;C:\Users\Antoine Rochebois\.m2\repository\org\jetbrains\kotlin\kotlin-stdlib-common\1.2.60\kotlin-stdlib-common-1.2.60.jar;C:\Users\Antoine Rochebois\.m2\repository\org\jetbrains\annotations\13.0\annotations-13.0.jar;C:\Users\Antoine Rochebois\.m2\repository\org\json\json\20180813\json-20180813.jar
Launcher Type: SUN_STANDARD

[Global flags]
     intx CICompilerCount                          = 4                                         {product} {ergonomic}
     uint ConcGCThreads                            = 2                                         {product} {ergonomic}
     uint G1ConcRefinementThreads                  = 8                                         {product} {ergonomic}
   size_t G1HeapRegionSize                         = 1048576                                   {product} {ergonomic}
    uintx GCDrainStackTargetSize                   = 64                                        {product} {ergonomic}
   size_t InitialHeapSize                          = 132120576                                 {product} {ergonomic}
   size_t MarkStackSize                            = 4194304                                   {product} {ergonomic}
   size_t MaxHeapSize                              = 2111832064                                {product} {ergonomic}
   size_t MaxNewSize                               = 1266679808                                {product} {ergonomic}
   size_t MinHeapDeltaBytes                        = 1048576                                   {product} {ergonomic}
    uintx NonNMethodCodeHeapSize                   = 5836300                                {pd product} {ergonomic}
    uintx NonProfiledCodeHeapSize                  = 122910970                              {pd product} {ergonomic}
    uintx ProfiledCodeHeapSize                     = 122910970                              {pd product} {ergonomic}
    uintx ReservedCodeCacheSize                    = 251658240                              {pd product} {ergonomic}
     bool SegmentedCodeCache                       = true                                      {product} {ergonomic}
     bool UseCompressedClassPointers               = true                                 {lp64_product} {ergonomic}
     bool UseCompressedOops                        = true                                 {lp64_product} {ergonomic}
     bool UseG1GC                                  = true                                      {product} {ergonomic}
     bool UseLargePagesIndividualAllocation        = false                                  {pd product} {ergonomic}

Logging:
Log output configuration:
 #0: stdout all=warning uptime,level,tags
 #1: stderr all=off uptime,level,tags

Environment Variables:
JAVA_HOME=C:\Program Files\Java\jdk-12.0.1
PATH=C:\Program Files (x86)\Common Files\Oracle\Java\javapath;C:\Windows\system32;C:\Windows;C:\Windows\System32\Wbem;C:\Windows\System32\WindowsPowerShell\v1.0\;C:\Windows\System32\OpenSSH\;C:\Program Files\NVIDIA Corporation\NVIDIA NvDLISR;C:\Program Files (x86)\NVIDIA Corporation\PhysX\Common;C:\Program Files\MiKTeX 2.9\miktex\bin\x64\;C:\Users\Antoine Rochebois\AppData\Local\Microsoft\WindowsApps;
USERNAME=Antoine Rochebois
OS=Windows_NT
PROCESSOR_IDENTIFIER=Intel64 Family 6 Model 158 Stepping 10, GenuineIntel



---------------  S Y S T E M  ---------------

OS: Windows 10 , 64 bit Build 17763 (10.0.17763.475)

CPU:total 8 (initial active 8) (4 cores per cpu, 2 threads per core) family 6 model 158 stepping 10, cmov, cx8, fxsr, mmx, sse, sse2, sse3, ssse3, sse4.1, sse4.2, popcnt, avx, avx2, aes, clmul, erms, 3dnowpref, lzcnt, ht, tsc, tscinvbit, bmi1, bmi2, adx, fma

Memory: 4k page, system-wide physical 8052M (2613M free)
TotalPageFile size 11252M (AvailPageFile size 1700M)
current process WorkingSet (physical memory assigned to process): 69M, peak: 69M
current process commit charge ("private bytes"): 220M, peak: 220M

vm_info: Java HotSpot(TM) 64-Bit Server VM (12.0.1+12) for windows-amd64 JRE (12.0.1+12), built on Apr  2 2019 14:02:19 by "mach5one" with MS VC++ 15.5 (VS2017)

END.
